

*******************************************************************************
Thu Oct 10 16:45:19 2019


FIT:    data read from '800.data' using ($1*0.2*E-6):($7*0.01)
        format = x:z


*******************************************************************************
Thu Oct 10 16:45:28 2019


FIT:    data read from '800.data' using ($1*0.2e-6):($7*0.01)
        format = x:z
        #datapoints = 25001
        residuals are weighted equally (unit weight)

function used for fitting: f(x)
	f(x) = a*x + b
fitted parameters initialized with current variable values

iter      chisq       delta/lim  lambda   a             b            
   0 2.6030921721e+04   0.00e+00  7.07e-01    1.000000e+00   1.000000e+00
   3 3.4498340850e-03  -8.72e-01  7.07e-04    7.226165e-02   2.891662e-03

After 3 iterations the fit converged.
final sum of squares of residuals : 0.00344983
rel. change during last iteration : -8.71866e-06

degrees of freedom    (FIT_NDF)                        : 24999
rms of residuals      (FIT_STDFIT) = sqrt(WSSR/ndf)    : 0.000371482
variance of residuals (reduced chisquare) = WSSR/ndf   : 1.37999e-07

Final set of parameters            Asymptotic Standard Error
=======================            ==========================
a               = 0.0722617        +/- 0.0001628    (0.2252%)
b               = 0.00289166       +/- 4.699e-06    (0.1625%)

correlation matrix of the fit parameters:
                a      b      
a               1.000 
b              -0.866  1.000 


*******************************************************************************
Thu Oct 10 16:45:42 2019


FIT:    data read from '800.data' using ($1*0.2e-6):($7*100)
        format = x:z
        #datapoints = 25001
        residuals are weighted equally (unit weight)

function used for fitting: f(x)
	f(x) = a*x + b
fitted parameters initialized with current variable values

iter      chisq       delta/lim  lambda   a             b            
   0 5.8238379804e+07   0.00e+00  2.52e-03    7.226165e-02   2.891662e-03
   2 3.4498340850e+05  -1.17e-02  2.52e-05    7.226165e+02   2.891662e+01

After 2 iterations the fit converged.
final sum of squares of residuals : 344983
rel. change during last iteration : -1.16612e-07

degrees of freedom    (FIT_NDF)                        : 24999
rms of residuals      (FIT_STDFIT) = sqrt(WSSR/ndf)    : 3.71482
variance of residuals (reduced chisquare) = WSSR/ndf   : 13.7999

Final set of parameters            Asymptotic Standard Error
=======================            ==========================
a               = 722.617          +/- 1.628        (0.2252%)
b               = 28.9166          +/- 0.04699      (0.1625%)

correlation matrix of the fit parameters:
                a      b      
a               1.000 
b              -0.866  1.000 


*******************************************************************************
Thu Oct 10 16:48:11 2019


FIT:    data read from '800.data' using ($1*0.2e-6):($11*100)
        format = x:z
        #datapoints = 25001
        residuals are weighted equally (unit weight)

function used for fitting: f(x)
	f(x) = a*x + b
fitted parameters initialized with current variable values

iter      chisq       delta/lim  lambda   a             b            
   0 1.1748814373e+06   0.00e+00  2.52e+01    7.226165e+02   2.891662e+01
   2 3.0057774662e+05  -1.78e-04  2.52e-01    7.773644e+02   3.340849e+01

After 2 iterations the fit converged.
final sum of squares of residuals : 300578
rel. change during last iteration : -1.77519e-09

degrees of freedom    (FIT_NDF)                        : 24999
rms of residuals      (FIT_STDFIT) = sqrt(WSSR/ndf)    : 3.4675
variance of residuals (reduced chisquare) = WSSR/ndf   : 12.0236

Final set of parameters            Asymptotic Standard Error
=======================            ==========================
a               = 777.364          +/- 1.519        (0.1954%)
b               = 33.4085          +/- 0.04386      (0.1313%)

correlation matrix of the fit parameters:
                a      b      
a               1.000 
b              -0.866  1.000 


*******************************************************************************
Thu Oct 10 16:48:32 2019


FIT:    data read from '900.data' using ($1*0.2e-6):($7*100)
        format = x:z
        #datapoints = 25001
        residuals are weighted equally (unit weight)

function used for fitting: f(x)
	f(x) = a*x + b
fitted parameters initialized with current variable values

iter      chisq       delta/lim  lambda   a             b            
   0 2.0184231780e+07   0.00e+00  2.85e+01    7.773644e+02   3.340849e+01
   2 1.2926070402e+06  -1.52e-02  2.85e-01    1.592262e+03   3.788112e+01

After 2 iterations the fit converged.
final sum of squares of residuals : 1.29261e+06
rel. change during last iteration : -1.52018e-07

degrees of freedom    (FIT_NDF)                        : 24999
rms of residuals      (FIT_STDFIT) = sqrt(WSSR/ndf)    : 7.19071
variance of residuals (reduced chisquare) = WSSR/ndf   : 51.7063

Final set of parameters            Asymptotic Standard Error
=======================            ==========================
a               = 1592.26          +/- 3.151        (0.1979%)
b               = 37.8811          +/- 0.09095      (0.2401%)

correlation matrix of the fit parameters:
                a      b      
a               1.000 
b              -0.866  1.000 


*******************************************************************************
Thu Oct 10 16:50:09 2019


FIT:    data read from '900.data' using ($1*0.2e-6):($11*100)
        format = x:z
        #datapoints = 25001
        residuals are weighted equally (unit weight)

function used for fitting: f(x)
	f(x) = a*x + b
fitted parameters initialized with current variable values

iter      chisq       delta/lim  lambda   a             b            
   0 2.5825985584e+06   0.00e+00  4.21e+01    1.592262e+03   3.788112e+01
   2 1.1389441855e+06  -1.13e-03  4.21e-01    1.287419e+03   3.930688e+01

After 2 iterations the fit converged.
final sum of squares of residuals : 1.13894e+06
rel. change during last iteration : -1.1266e-08

degrees of freedom    (FIT_NDF)                        : 24999
rms of residuals      (FIT_STDFIT) = sqrt(WSSR/ndf)    : 6.74978
variance of residuals (reduced chisquare) = WSSR/ndf   : 45.5596

Final set of parameters            Asymptotic Standard Error
=======================            ==========================
a               = 1287.42          +/- 2.957        (0.2297%)
b               = 39.3069          +/- 0.08537      (0.2172%)

correlation matrix of the fit parameters:
                a      b      
a               1.000 
b              -0.866  1.000 


*******************************************************************************
Thu Oct 10 16:50:28 2019


FIT:    data read from '1000.data' using ($1*0.2e-6):($7*100)
        format = x:z
        #datapoints = 25001
        residuals are weighted equally (unit weight)

function used for fitting: f(x)
	f(x) = a*x + b
fitted parameters initialized with current variable values

iter      chisq       delta/lim  lambda   a             b            
   0 7.5495086722e+06   0.00e+00  3.83e+01    1.287419e+03   3.930688e+01
   2 6.2505528363e+05  -1.71e-02  3.83e-01    2.001520e+03   3.452040e+01

After 2 iterations the fit converged.
final sum of squares of residuals : 625055
rel. change during last iteration : -1.71088e-07

degrees of freedom    (FIT_NDF)                        : 24999
rms of residuals      (FIT_STDFIT) = sqrt(WSSR/ndf)    : 5.00032
variance of residuals (reduced chisquare) = WSSR/ndf   : 25.0032

Final set of parameters            Asymptotic Standard Error
=======================            ==========================
a               = 2001.52          +/- 2.191        (0.1095%)
b               = 34.5204          +/- 0.06325      (0.1832%)

correlation matrix of the fit parameters:
                a      b      
a               1.000 
b              -0.866  1.000 


*******************************************************************************
Thu Oct 10 16:50:44 2019


FIT:    data read from '1000.data' using ($1*0.2e-6):($11*100)
        format = x:z
        #datapoints = 25001
        residuals are weighted equally (unit weight)

function used for fitting: f(x)
	f(x) = a*x + b
fitted parameters initialized with current variable values

iter      chisq       delta/lim  lambda   a             b            
   0 2.9707790832e+06   0.00e+00  4.76e+01    2.001520e+03   3.452040e+01
   2 7.4993541857e+05  -1.33e-03  4.76e-01    2.151502e+03   3.994380e+01

After 2 iterations the fit converged.
final sum of squares of residuals : 749935
rel. change during last iteration : -1.33124e-08

degrees of freedom    (FIT_NDF)                        : 24999
rms of residuals      (FIT_STDFIT) = sqrt(WSSR/ndf)    : 5.4771
variance of residuals (reduced chisquare) = WSSR/ndf   : 29.9986

Final set of parameters            Asymptotic Standard Error
=======================            ==========================
a               = 2151.5           +/- 2.4          (0.1115%)
b               = 39.9438          +/- 0.06928      (0.1734%)

correlation matrix of the fit parameters:
                a      b      
a               1.000 
b              -0.866  1.000 


*******************************************************************************
Thu Oct 10 16:51:05 2019


FIT:    data read from '1100.data' using ($1*0.2e-6):($7*100)
        format = x:z
        #datapoints = 25001
        residuals are weighted equally (unit weight)

function used for fitting: f(x)
	f(x) = a*x + b
fitted parameters initialized with current variable values

iter      chisq       delta/lim  lambda   a             b            
   0 6.4215846824e+07   0.00e+00  5.22e+01    2.151502e+03   3.994380e+01
   2 3.4138708028e+06  -7.58e-03  5.22e-01    3.935705e+03   3.739495e+01

After 2 iterations the fit converged.
final sum of squares of residuals : 3.41387e+06
rel. change during last iteration : -7.58169e-08

degrees of freedom    (FIT_NDF)                        : 24999
rms of residuals      (FIT_STDFIT) = sqrt(WSSR/ndf)    : 11.6859
variance of residuals (reduced chisquare) = WSSR/ndf   : 136.56

Final set of parameters            Asymptotic Standard Error
=======================            ==========================
a               = 3935.7           +/- 5.12         (0.1301%)
b               = 37.3949          +/- 0.1478       (0.3953%)

correlation matrix of the fit parameters:
                a      b      
a               1.000 
b              -0.866  1.000 


*******************************************************************************
Thu Oct 10 16:51:24 2019


FIT:    data read from '1100.data' using ($1*0.2e-6):($11*100)
        format = x:z
        #datapoints = 25001
        residuals are weighted equally (unit weight)

function used for fitting: f(x)
	f(x) = a*x + b
fitted parameters initialized with current variable values

iter      chisq       delta/lim  lambda   a             b            
   0 5.4106287043e+06   0.00e+00  8.46e+01    3.935705e+03   3.739495e+01
   2 3.0179777614e+06  -3.84e-02  8.46e-01    3.656196e+03   5.329474e+01

After 2 iterations the fit converged.
final sum of squares of residuals : 3.01798e+06
rel. change during last iteration : -3.84454e-07

degrees of freedom    (FIT_NDF)                        : 24999
rms of residuals      (FIT_STDFIT) = sqrt(WSSR/ndf)    : 10.9874
variance of residuals (reduced chisquare) = WSSR/ndf   : 120.724

Final set of parameters            Asymptotic Standard Error
=======================            ==========================
a               = 3656.2           +/- 4.814        (0.1317%)
b               = 53.2947          +/- 0.139        (0.2608%)

correlation matrix of the fit parameters:
                a      b      
a               1.000 
b              -0.866  1.000 


*******************************************************************************
Thu Oct 10 16:51:41 2019


FIT:    data read from '1200.data' using ($1*0.2e-6):($7*100)
        format = x:z
        #datapoints = 25001
        residuals are weighted equally (unit weight)

function used for fitting: f(x)
	f(x) = a*x + b
fitted parameters initialized with current variable values

iter      chisq       delta/lim  lambda   a             b            
   0 4.2978569147e+08   0.00e+00  8.36e+01    3.656196e+03   5.329474e+01
   2 4.9632482207e+06  -7.42e-02  8.36e-01    8.904863e+03   2.815581e+01

After 2 iterations the fit converged.
final sum of squares of residuals : 4.96325e+06
rel. change during last iteration : -7.42472e-07

degrees of freedom    (FIT_NDF)                        : 24999
rms of residuals      (FIT_STDFIT) = sqrt(WSSR/ndf)    : 14.0903
variance of residuals (reduced chisquare) = WSSR/ndf   : 198.538

Final set of parameters            Asymptotic Standard Error
=======================            ==========================
a               = 8904.86          +/- 6.174        (0.06933%)
b               = 28.1558          +/- 0.1782       (0.633%)

correlation matrix of the fit parameters:
                a      b      
a               1.000 
b              -0.866  1.000 


*******************************************************************************
Thu Oct 10 16:51:55 2019


FIT:    data read from '1200.data' using ($1*0.2e-6):($11*100)
        format = x:z
        #datapoints = 25001
        residuals are weighted equally (unit weight)

function used for fitting: f(x)
	f(x) = a*x + b
fitted parameters initialized with current variable values

iter      chisq       delta/lim  lambda   a             b            
   0 6.5197859788e+06   0.00e+00  1.83e+02    8.904863e+03   2.815581e+01
   2 5.3036515529e+06  -4.14e-01  1.83e+00    8.982078e+03   1.934056e+01

After 2 iterations the fit converged.
final sum of squares of residuals : 5.30365e+06
rel. change during last iteration : -4.13568e-06

degrees of freedom    (FIT_NDF)                        : 24999
rms of residuals      (FIT_STDFIT) = sqrt(WSSR/ndf)    : 14.5655
variance of residuals (reduced chisquare) = WSSR/ndf   : 212.155

Final set of parameters            Asymptotic Standard Error
=======================            ==========================
a               = 8982.08          +/- 6.382        (0.07105%)
b               = 19.3406          +/- 0.1842       (0.9526%)

correlation matrix of the fit parameters:
                a      b      
a               1.000 
b              -0.866  1.000 


*******************************************************************************
Thu Oct 10 16:52:14 2019


FIT:    data read from '1300.data' using ($1*0.2e-6):($7*100)
        format = x:z
        #datapoints = 25001
        residuals are weighted equally (unit weight)

function used for fitting: f(x)
	f(x) = a*x + b
fitted parameters initialized with current variable values

iter      chisq       delta/lim  lambda   a             b            
   0 1.2385853169e+09   0.00e+00  1.84e+02    8.982078e+03   1.934056e+01
   2 2.8210355013e+07  -9.70e-01  1.84e+00    1.612925e+04   3.500662e+01

After 2 iterations the fit converged.
final sum of squares of residuals : 2.82104e+07
rel. change during last iteration : -9.7019e-06

degrees of freedom    (FIT_NDF)                        : 24999
rms of residuals      (FIT_STDFIT) = sqrt(WSSR/ndf)    : 33.5925
variance of residuals (reduced chisquare) = WSSR/ndf   : 1128.46

Final set of parameters            Asymptotic Standard Error
=======================            ==========================
a               = 16129.3          +/- 14.72        (0.09125%)
b               = 35.0066          +/- 0.4249       (1.214%)

correlation matrix of the fit parameters:
                a      b      
a               1.000 
b              -0.866  1.000 


*******************************************************************************
Thu Oct 10 16:53:02 2019


FIT:    data read from '1300.data' using ($1*0.2e-6):($11*0.01)
        format = x:z
        #datapoints = 25001
        residuals are weighted equally (unit weight)

function used for fitting: f(x)
	f(x) = a*x + b
fitted parameters initialized with current variable values

iter      chisq       delta/lim  lambda   a             b            
   0 6.1552447162e+09   0.00e+00  3.30e+02    1.612925e+04   3.500662e+01
   4 3.7929797298e-01  -1.46e-11  3.30e-01    1.860628e+00   2.320296e-03

After 4 iterations the fit converged.
final sum of squares of residuals : 0.379298
rel. change during last iteration : -1.46352e-16

degrees of freedom    (FIT_NDF)                        : 24999
rms of residuals      (FIT_STDFIT) = sqrt(WSSR/ndf)    : 0.00389519
variance of residuals (reduced chisquare) = WSSR/ndf   : 1.51725e-05

Final set of parameters            Asymptotic Standard Error
=======================            ==========================
a               = 1.86063          +/- 0.001707     (0.09173%)
b               = 0.0023203        +/- 4.927e-05    (2.123%)

correlation matrix of the fit parameters:
                a      b      
a               1.000 
b              -0.866  1.000 


*******************************************************************************
Thu Oct 10 16:55:16 2019


FIT:    data read from '1400.data' using ($1*6*0.2e-6):($7*0.01)
        format = x:z
        #datapoints = 25001
        residuals are weighted equally (unit weight)

function used for fitting: f(x)
	f(x) = a*x + b
fitted parameters initialized with current variable values

iter      chisq       delta/lim  lambda   a             b            
   0 1.6285259239e+03   0.00e+00  2.28e-01    1.860628e+00   2.320296e-03
   4 8.9767786137e-02  -5.54e-08  2.28e-05    3.773043e-01   4.292931e-03

After 4 iterations the fit converged.
final sum of squares of residuals : 0.0897678
rel. change during last iteration : -5.54074e-13

degrees of freedom    (FIT_NDF)                        : 24999
rms of residuals      (FIT_STDFIT) = sqrt(WSSR/ndf)    : 0.00189496
variance of residuals (reduced chisquare) = WSSR/ndf   : 3.59086e-06

Final set of parameters            Asymptotic Standard Error
=======================            ==========================
a               = 0.377304         +/- 0.0001384    (0.03668%)
b               = 0.00429293       +/- 2.397e-05    (0.5583%)

correlation matrix of the fit parameters:
                a      b      
a               1.000 
b              -0.866  1.000 


*******************************************************************************
Thu Oct 10 16:55:35 2019


FIT:    data read from '1400.data' using ($1*6*0.2e-6):($11*0.01)
        format = x:z
        #datapoints = 25001
        residuals are weighted equally (unit weight)

function used for fitting: f(x)
	f(x) = a*x + b
fitted parameters initialized with current variable values

iter      chisq       delta/lim  lambda   a             b            
   0 2.8684137915e+00   0.00e+00  4.63e-02    3.773043e-01   4.292931e-03
   3 9.8612353501e-02  -1.53e-07  4.63e-05    4.449169e-01   2.897414e-03

After 3 iterations the fit converged.
final sum of squares of residuals : 0.0986124
rel. change during last iteration : -1.52974e-12

degrees of freedom    (FIT_NDF)                        : 24999
rms of residuals      (FIT_STDFIT) = sqrt(WSSR/ndf)    : 0.00198611
variance of residuals (reduced chisquare) = WSSR/ndf   : 3.94465e-06

Final set of parameters            Asymptotic Standard Error
=======================            ==========================
a               = 0.444917         +/- 0.000145     (0.0326%)
b               = 0.00289741       +/- 2.512e-05    (0.867%)

correlation matrix of the fit parameters:
                a      b      
a               1.000 
b              -0.866  1.000 


*******************************************************************************
Thu Oct 10 16:55:53 2019


FIT:    data read from '1500.data' using ($1*6*0.2e-6):($7*0.01)
        format = x:z
        #datapoints = 25001
        residuals are weighted equally (unit weight)

function used for fitting: f(x)
	f(x) = a*x + b
fitted parameters initialized with current variable values

iter      chisq       delta/lim  lambda   a             b            
   0 5.6504626476e+01   0.00e+00  5.45e-02    4.449169e-01   2.897414e-03
   3 1.7620060281e-01  -1.52e-04  5.45e-05    7.520362e-01  -3.856716e-03

After 3 iterations the fit converged.
final sum of squares of residuals : 0.176201
rel. change during last iteration : -1.52476e-09

degrees of freedom    (FIT_NDF)                        : 24999
rms of residuals      (FIT_STDFIT) = sqrt(WSSR/ndf)    : 0.00265486
variance of residuals (reduced chisquare) = WSSR/ndf   : 7.04831e-06

Final set of parameters            Asymptotic Standard Error
=======================            ==========================
a               = 0.752036         +/- 0.0001939    (0.02578%)
b               = -0.00385672      +/- 3.358e-05    (0.8707%)

correlation matrix of the fit parameters:
                a      b      
a               1.000 
b              -0.866  1.000 


*******************************************************************************
Thu Oct 10 16:56:08 2019


FIT:    data read from '1500.data' using ($1*6*0.2e-6):($11*0.01)
        format = x:z
        #datapoints = 25001
        residuals are weighted equally (unit weight)

function used for fitting: f(x)
	f(x) = a*x + b
fitted parameters initialized with current variable values

iter      chisq       delta/lim  lambda   a             b            
   0 1.3213157402e+01   0.00e+00  9.21e-02    7.520362e-01  -3.856716e-03
   2 4.6896041478e-01  -2.73e-01  9.21e-04    8.831532e-01  -4.010162e-03

After 2 iterations the fit converged.
final sum of squares of residuals : 0.46896
rel. change during last iteration : -2.73058e-06

degrees of freedom    (FIT_NDF)                        : 24999
rms of residuals      (FIT_STDFIT) = sqrt(WSSR/ndf)    : 0.00433119
variance of residuals (reduced chisquare) = WSSR/ndf   : 1.87592e-05

Final set of parameters            Asymptotic Standard Error
=======================            ==========================
a               = 0.883153         +/- 0.0003163    (0.03581%)
b               = -0.00401016      +/- 5.478e-05    (1.366%)

correlation matrix of the fit parameters:
                a      b      
a               1.000 
b              -0.866  1.000 


*******************************************************************************
Thu Oct 10 17:04:40 2019


FIT:    data read from '1300.data' using ($1*6*0.2e-6):($11*0.01)
        format = x:z
        #datapoints = 25001
        residuals are weighted equally (unit weight)

function used for fitting: f(x)
	f(x) = a*x + b
fitted parameters initialized with current variable values

iter      chisq       delta/lim  lambda   a             b            
   0 2.2047593543e+02   0.00e+00  1.08e-01    8.831532e-01  -4.010162e-03
   3 3.7929797298e-01  -9.92e-04  1.08e-04    3.101046e-01   2.320296e-03

After 3 iterations the fit converged.
final sum of squares of residuals : 0.379298
rel. change during last iteration : -9.919e-09

degrees of freedom    (FIT_NDF)                        : 24999
rms of residuals      (FIT_STDFIT) = sqrt(WSSR/ndf)    : 0.00389519
variance of residuals (reduced chisquare) = WSSR/ndf   : 1.51725e-05

Final set of parameters            Asymptotic Standard Error
=======================            ==========================
a               = 0.310105         +/- 0.0002844    (0.09173%)
b               = 0.0023203        +/- 4.927e-05    (2.123%)

correlation matrix of the fit parameters:
                a      b      
a               1.000 
b              -0.866  1.000 


*******************************************************************************
Thu Oct 10 17:05:03 2019


FIT:    data read from '1200.data' using ($1*6*0.2e-6):($11*0.01)
        format = x:z
        #datapoints = 25001
        residuals are weighted equally (unit weight)

function used for fitting: f(x)
	f(x) = a*x + b
fitted parameters initialized with current variable values

iter      chisq       delta/lim  lambda   a             b            
   0 1.9819514315e+01   0.00e+00  3.80e-02    3.101046e-01   2.320296e-03
   3 5.3036515529e-02  -4.30e-07  3.80e-05    1.497013e-01   1.934056e-03

After 3 iterations the fit converged.
final sum of squares of residuals : 0.0530365
rel. change during last iteration : -4.30151e-12

degrees of freedom    (FIT_NDF)                        : 24999
rms of residuals      (FIT_STDFIT) = sqrt(WSSR/ndf)    : 0.00145655
variance of residuals (reduced chisquare) = WSSR/ndf   : 2.12155e-06

Final set of parameters            Asymptotic Standard Error
=======================            ==========================
a               = 0.149701         +/- 0.0001064    (0.07105%)
b               = 0.00193406       +/- 1.842e-05    (0.9526%)

correlation matrix of the fit parameters:
                a      b      
a               1.000 
b              -0.866  1.000 
